Android_FinalProject/Android_FinalProject/app/build/outputs/logs/manifest-merger-debug-report.txt
-- Merging decision tree log ---
manifest
ADDED from AndroidManifest.xml:2:1
	android:theme
		ADDED from AndroidManifest.xml:2:115
	xmlns:android
		ADDED from AndroidManifest.xml:2:11
	package
		ADDED from AndroidManifest.xml:2:70
		INJECTED from AndroidManifest.xml:0:0
		INJECTED from AndroidManifest.xml:0:0
	android:versionName
		ADDED from AndroidManifest.xml:2:163
	android:versionCode
		ADDED from AndroidManifest.xml:2:189
		INJECTED from AndroidManifest.xml:0:0
		INJECTED from AndroidManifest.xml:0:0
	android:installLocation
		ADDED from AndroidManifest.xml:2:213
uses-feature#android.hardware.camera
ADDED from AndroidManifest.xml:3:3
	android:name
		ADDED from AndroidManifest.xml:3:17
supports-screens
ADDED from AndroidManifest.xml:4:3
	android:largeScreens
		ADDED from AndroidManifest.xml:4:78
	android:anyDensity
		ADDED from AndroidManifest.xml:4:135
	android:normalScreens
		ADDED from AndroidManifest.xml:4:49
	android:xlargeScreens
		ADDED from AndroidManifest.xml:4:106
	android:smallScreens
		ADDED from AndroidManifest.xml:4:21
uses-permission#android.permission.INTERNET
ADDED from AndroidManifest.xml:5:3
	android:name
		ADDED from AndroidManifest.xml:5:20
uses-permission#android.permission.CAMERA
ADDED from AndroidManifest.xml:6:3
	android:name
		ADDED from AndroidManifest.xml:6:20
uses-permission#android.permission.ACCESS_NETWORK_STATE
ADDED from AndroidManifest.xml:7:3
	android:name
		ADDED from AndroidManifest.xml:7:20
application
ADDED from AndroidManifest.xml:8:3
	android:label
		ADDED from AndroidManifest.xml:8:50
	android:debuggable
		ADDED from AndroidManifest.xml:8:142
	android:icon
		ADDED from AndroidManifest.xml:8:16
	android:theme
		ADDED from AndroidManifest.xml:8:83
	android:isGame
		ADDED from AndroidManifest.xml:8:169
	android:banner
		ADDED from AndroidManifest.xml:8:191
activity#com.JonesSwiftCS390CG.FinalProject.UnityPlayerNativeActivity
ADDED from AndroidManifest.xml:9:5
	android:screenOrientation
		ADDED from AndroidManifest.xml:9:48
	android:label
		ADDED from AndroidManifest.xml:9:15
	android:configChanges
		ADDED from AndroidManifest.xml:9:119
	android:name
		ADDED from AndroidManifest.xml:9:277
	android:launchMode
		ADDED from AndroidManifest.xml:9:87
intent-filter#android.intent.action.MAIN+android.intent.category.LAUNCHER
ADDED from AndroidManifest.xml:10:7
action#android.intent.action.MAIN
ADDED from AndroidManifest.xml:11:9
	android:name
		ADDED from AndroidManifest.xml:11:17
category#android.intent.category.LAUNCHER
ADDED from AndroidManifest.xml:12:9
	android:name
		ADDED from AndroidManifest.xml:12:19
meta-data#unityplayer.UnityActivity
ADDED from AndroidManifest.xml:14:7
	android:name
		ADDED from AndroidManifest.xml:14:18
	android:value
		ADDED from AndroidManifest.xml:14:59
meta-data#unityplayer.ForwardNativeEventsToDalvik
ADDED from AndroidManifest.xml:15:7
	android:name
		ADDED from AndroidManifest.xml:15:18
	android:value
		ADDED from AndroidManifest.xml:15:73
activity#com.unity3d.player.VideoPlayer
ADDED from AndroidManifest.xml:17:5
	android:screenOrientation
		ADDED from AndroidManifest.xml:17:94
	android:label
		ADDED from AndroidManifest.xml:17:61
	android:configChanges
		ADDED from AndroidManifest.xml:17:131
	android:name
		ADDED from AndroidManifest.xml:17:15
uses-library#com.ti.s3d
ADDED from AndroidManifest.xml:24:5
	android:required
		ADDED from AndroidManifest.xml:24:45
	android:name
		ADDED from AndroidManifest.xml:24:19
uses-sdk
ADDED from AndroidManifest.xml:26:3
	android:targetSdkVersion
		ADDED from AndroidManifest.xml:26:40
		INJECTED from AndroidManifest.xml:0:0
		INJECTED from AndroidManifest.xml:0:0
	android:minSdkVersion
		ADDED from AndroidManifest.xml:26:13
		INJECTED from AndroidManifest.xml:0:0
		INJECTED from AndroidManifest.xml:0:0
uses-feature#0x00020000
ADDED from AndroidManifest.xml:27:3
	android:glEsVersion
		ADDED from AndroidManifest.xml:27:17
uses-feature#android.hardware.camera.autofocus
ADDED from AndroidManifest.xml:28:3
	android:required
		ADDED from AndroidManifest.xml:28:66
	android:name
		ADDED from AndroidManifest.xml:28:17
uses-feature#android.hardware.camera.front
ADDED from AndroidManifest.xml:29:3
	android:required
		ADDED from AndroidManifest.xml:29:62
	android:name
		ADDED from AndroidManifest.xml:29:17
uses-feature#android.hardware.touchscreen
ADDED from AndroidManifest.xml:30:3
	android:required
		ADDED from AndroidManifest.xml:30:61
	android:name
		ADDED from AndroidManifest.xml:30:17
uses-feature#android.hardware.touchscreen.multitouch
ADDED from AndroidManifest.xml:31:3
	android:required
		ADDED from AndroidManifest.xml:31:72
	android:name
		ADDED from AndroidManifest.xml:31:17
uses-feature#android.hardware.touchscreen.multitouch.distinct
ADDED from AndroidManifest.xml:32:3
	android:required
		ADDED from AndroidManifest.xml:32:81
	android:name
		ADDED from AndroidManifest.xml:32:17
uses-permission#android.permission.WAKE_LOCK
ADDED from AndroidManifest.xml:33:3
	android:name
		ADDED from AndroidManifest.xml:33:20